if not IsPackageMarkedForLoading("TwistedConjugacy", "") then
  SetPackagePath("TwistedConjugacy", ".");
fi;
Read("makedoc.g");
Syntax warning: Unbound global variable in ./lib/SafeMode.gi:11
        CHECK_CENT@Polycyclic := new;
        ^^^^^^^^^^^^^^^^^^^^^
Syntax warning: Unbound global variable in ./lib/SafeMode.gi:12
        CHECK_IGS@Polycyclic := new;
        ^^^^^^^^^^^^^^^^^^^^
Syntax warning: Unbound global variable in ./lib/SafeMode.gi:13
        CHECK_INTNORM@Polycyclic := new;
        ^^^^^^^^^^^^^^^^^^^^^^^^
Syntax warning: Unbound global variable in ./lib/SafeMode.gi:14
        CHECK_INTSTAB@Polycyclic := new;
        ^^^^^^^^^^^^^^^^^^^^^^^^
Syntax warning: Unbound global variable in ./lib/SafeMode.gi:15
        CHECK_NORM@Polycyclic := new;
        ^^^^^^^^^^^^^^^^^^^^^
Syntax warning: Unbound global variable in ./lib/SafeMode.gi:16
        CHECK_SCHUR_PCP@Polycyclic := new;
        ^^^^^^^^^^^^^^^^^^^^^^^^^^
Generating documentation in Directory("/home/sam/Research/GAP/TwistedConjugacy\
/doc/")
#I Composing XML document . . .
#I Parsing XML document . . .
#I Checking XML structure . . .
#I Text version (also produces labels for hyperlinks):
#I First run, collecting cross references, index, toc, bib and so on . . .
#I Table of contents complete.
#I Producing the index . . .
#I Reading bibliography data files . . . 
#I   BibTeX format: manual.bib
#I   checking and translating to BibXMLext . . .
#I Writing bibliography . . .
#I Second run through document . . .
#I Producing simplified search strings and labels for hyperlinks . . .
#I Constructing LaTeX version and calling pdflatex:
#I Writing LaTeX file, 4 x pdflatex with bibtex and makeindex, 
#I Writing manual.six file ... 
#I Finally the HTML version . . .
#I First run, collecting cross references, index, toc, bib and so on . . .
#I Table of contents complete.
#I Producing the index . . .
#I Writing bibliography . . .
#I Second run through document . . .
#I - also HTML version for MathJax . . .
#I First run, collecting cross references, index, toc, bib and so on . . .
#I Table of contents complete.
#I Producing the index . . .
#I Writing bibliography . . .
#I Second run through document . . .
#I  File: /home/sam/Research/GAP/TwistedConjugacy/doc/manual.lab written.
Extracting manual examples for TwistedConjugacy package ...
4 chapters detected
Chapter 1 : extracted 1 examples
Chapter 2 : extracted 4 examples
Chapter 3 : extracted 1 examples
Chapter 4 : extracted 3 examples
#I Manual files sucessfully created.
#I Testing examples found in manual.
twistedconjugacy01.tst
msecs: 0
twistedconjugacy02.tst
msecs: 259
twistedconjugacy03.tst
msecs: 2
twistedconjugacy04.tst
msecs: 29
#I All tests passed.
#I Documentation successfully created.
