 ┌───────┐   GAP 4.14.0 of 2024-12-05
 │  GAP  │   https://www.gap-system.org
 └───────┘   Architecture: x86_64-pc-linux-gnu-default64-kv9
 Configuration:  gmp 6.3.0, GASMAN, readline
 Loading the library and packages ...
 Packages:   AClib 1.3.2, Alnuth 3.2.1, AutPGrp 1.11, CaratInterface 2.3.7, Cryst 4.1.27, CrystCat 1.1.10, 
             GAPDoc 1.6.7, IO 4.9.1, Polenta 1.3.10, Polycyclic 2.16, PrimGrp 3.4.4, RadiRoot 2.9, SmallClassNr 1.2.2, 
             SmallGrp 1.5.4, TransGrp 3.6.5, TwistedConjugacy 3.0.0
 Try '??help' for help. See also '?copyright', '?cite' and '?authors'
Generating documentation in Directory("/home/u0092325/Research/TwistedConjugacy/doc/")
#I Composing XML document . . .
#I Parsing XML document . . .
#I Checking XML structure . . .
#I Text version (also produces labels for hyperlinks):
#I First run, collecting cross references, index, toc, bib and so on . . .
#I Table of contents complete.
#I Producing the index . . .
#I Reading bibliography data files . . . 
#I   BibTeX format: manual.bib
#I   checking and translating to BibXMLext . . .
#I Writing bibliography . . .
#I Second run through document . . .
#W WARNING: non resolved reference: rec(
  Func := "AAA" )
#I Producing simplified search strings and labels for hyperlinks . . .
#I Constructing LaTeX version and calling pdflatex:
#I Writing LaTeX file, 4 x pdflatex with bibtex and makeindex, 
#W There were LaTeX Warnings:
LaTeX Warning: Reference `AAA' on page 27 undefined on input line 1645.


____________________
LaTeX Warning: There were undefined references.

Package rerunfilecheck Info: File `TwistedConjugacy.out' has not changed.
____________________

#W There are overfull boxes:
Overfull \hbox (2599.54764pt too wide) in paragraph at lines 1657--1658

#I Writing manual.six file ... 
#I Finally the HTML version . . .
#I First run, collecting cross references, index, toc, bib and so on . . .
#I Table of contents complete.
#I Producing the index . . .
#I Writing bibliography . . .
#I Second run through document . . .
#W WARNING: non resolved reference: rec(
  Func := "AAA" )
#I - also HTML version for MathJax . . .
#I First run, collecting cross references, index, toc, bib and so on . . .
#I Table of contents complete.
#I Producing the index . . .
#I Writing bibliography . . .
#I Second run through document . . .
#W WARNING: non resolved reference: rec(
  Func := "AAA" )
#I  File: /home/u0092325/Research/TwistedConjugacy/doc/manual.lab written.
Extracting manual examples for TwistedConjugacy package ...
1 files detected
File 1 : extracted 13 examples
#I Manual files sucessfully created.
#I Testing examples found in manual.
twistedconjugacy01.tst
msecs: 579
#I All examples are correct.
#I Documentation successfully created.
